#
# There is insufficient memory for the Java Runtime Environment to continue.
# Native memory allocation (malloc) failed to allocate 1048576 bytes for AllocateHeap
# Possible reasons:
#   The system is out of physical RAM or swap space
#   The process is running with CompressedOops enabled, and the Java Heap may be blocking the growth of the native heap
# Possible solutions:
#   Reduce memory load on the system
#   Increase physical memory or swap space
#   Check if swap backing store is full
#   Decrease Java heap size (-Xmx/-Xms)
#   Decrease number of Java threads
#   Decrease Java thread stack sizes (-Xss)
#   Set larger code cache with -XX:ReservedCodeCacheSize=
# This output file may be truncated or incomplete.
#
#  Out of Memory Error (c:/BuildAgent/work/5ff2f6c26000d570/src/hotspot/share/memory/allocation.cpp:46), pid=6760, tid=7604
#
# JRE version:  (11.0.5+10) (build )
# Java VM: OpenJDK 64-Bit Server VM (11.0.5+10-b520.17, mixed mode, aot, sharing, tiered, compressed oops, g1 gc, windows-amd64)
# No core dump will be written. Minidumps are not enabled by default on client versions of Windows
#

---------------  S U M M A R Y ------------

Command Line: org.jetbrains.git4idea.http.GitAskPassApp Username for 'http://39.98.233.166:8686': 

Host: Intel(R) Core(TM) i7-10750H CPU @ 2.60GHz, 12 cores, 15G,  Windows 10 , 64 bit Build 18362 (10.0.18362.959)
Time: Fri Sep  4 18:35:50 2020 ?D1¨²¡À¨º¡Á?¨º¡À?? elapsed time: 0 seconds (0d 0h 0m 0s)

---------------  T H R E A D  ---------------

Current thread (0x000002b70a78a800):  JavaThread "Unknown thread" [_thread_in_vm, id=7604, stack(0x000000d757300000,0x000000d757400000)]

Stack: [0x000000d757300000,0x000000d757400000]
Native frames: (J=compiled Java code, j=interpreted, Vv=VM code, C=native code)
V  [jvm.dll+0x5dcafa]
V  [jvm.dll+0x70e375]
V  [jvm.dll+0x70f898]
V  [jvm.dll+0x70ff63]
V  [jvm.dll+0x23e238]
V  [jvm.dll+0xb0344]
V  [jvm.dll+0x2dd632]
V  [jvm.dll+0x2d66aa]
V  [jvm.dll+0x6ed237]
V  [jvm.dll+0x6eea2c]
V  [jvm.dll+0x355849]
V  [jvm.dll+0x6d239e]
V  [jvm.dll+0x3be283]
V  [jvm.dll+0x3c0701]
C  [jli.dll+0x5363]
C  [ucrtbase.dll+0x20e82]
C  [KERNEL32.DLL+0x17bd4]
C  [ntdll.dll+0x6ce51]


---------------  P R O C E S S  ---------------

Threads class SMR info:
_java_thread_list=0x000002b7084c6640, length=0, elements={
}

Java Threads: ( => current thread )

Other Threads:
  0x000002b70a7a2800 GCTaskThread "GC Thread#0" [stack: 0x000000d757400000,0x000000d757500000] [id=6868]

[error occurred during error reporting (printing all threads), id 0xc0000005, EXCEPTION_ACCESS_VIOLATION (0xc0000005) at pc=0x00007ff81e5e2990]

VM state:not at safepoint (not fully initialized)

VM Mutex/Monitor currently owned by a thread:  ([mutex/lock_event])
[0x000002b70a7870e0] Heap_lock - owner thread: 0x000002b70a78a800

Heap address: 0x0000000701600000, size: 4074 MB, Compressed Oops mode: Non-zero based: 0x0000000701600000
Narrow klass base: 0x0000000000000000, Narrow klass shift: 0

GC Heap History (0 events):
No events

Deoptimization events (0 events):
No events

Classes redefined (0 events):
No events

Internal exceptions (0 events):
No events

Events (0 events):
No events


Dynamic libraries:
0x00007ff6f9d10000 - 0x00007ff6f9d1a000 	D:\Program Files\JetBrains\WebStorm 2019.3.1\jbr\bin\java.exe
0x00007ff864a20000 - 0x00007ff864c10000 	C:\Windows\SYSTEM32\ntdll.dll
0x00007ff864650000 - 0x00007ff864702000 	C:\Windows\System32\KERNEL32.DLL
0x00007ff861bd0000 - 0x00007ff861e74000 	C:\Windows\System32\KERNELBASE.dll
0x00007ff8619a0000 - 0x00007ff861a9a000 	C:\Windows\System32\ucrtbase.dll
0x00007ff8524b0000 - 0x00007ff8524c9000 	D:\Program Files\JetBrains\WebStorm 2019.3.1\jbr\bin\jli.dll
0x00007ff855720000 - 0x00007ff855737000 	D:\Program Files\JetBrains\WebStorm 2019.3.1\jbr\bin\VCRUNTIME140.dll
0x00007ff863710000 - 0x00007ff8638a5000 	C:\Windows\System32\USER32.dll
0x00007ff861aa0000 - 0x00007ff861ac1000 	C:\Windows\System32\win32u.dll
0x00007ff8648e0000 - 0x00007ff864906000 	C:\Windows\System32\GDI32.dll
0x00007ff8626e0000 - 0x00007ff862876000 	C:\Windows\System32\gdi32full.dll
0x00007ff861ad0000 - 0x00007ff861b6e000 	C:\Windows\System32\msvcp_win.dll
0x00007ff853120000 - 0x00007ff8533a4000 	C:\Windows\WinSxS\amd64_microsoft.windows.common-controls_6595b64144ccf1df_6.0.18362.1016_none_9e7a36bbe461dae4\COMCTL32.dll
0x00007ff863930000 - 0x00007ff8639ce000 	C:\Windows\System32\msvcrt.dll
0x00007ff862f80000 - 0x00007ff8632b5000 	C:\Windows\System32\combase.dll
0x00007ff864710000 - 0x00007ff864830000 	C:\Windows\System32\RPCRT4.dll
0x00007ff862a50000 - 0x00007ff862ad0000 	C:\Windows\System32\bcryptPrimitives.dll
0x00007ff864620000 - 0x00007ff86464e000 	C:\Windows\System32\IMM32.DLL
0x00007ff842970000 - 0x00007ff842a0d000 	D:\Program Files\JetBrains\WebStorm 2019.3.1\jbr\bin\msvcp140.dll
0x00007ff81e300000 - 0x00007ff81edbb000 	D:\Program Files\JetBrains\WebStorm 2019.3.1\jbr\bin\server\jvm.dll
0x00007ff864830000 - 0x00007ff8648d3000 	C:\Windows\System32\ADVAPI32.dll
0x00007ff863670000 - 0x00007ff863707000 	C:\Windows\System32\sechost.dll
0x00007ff862dc0000 - 0x00007ff862dc8000 	C:\Windows\System32\PSAPI.DLL
0x00007ff85ce00000 - 0x00007ff85ce24000 	C:\Windows\SYSTEM32\WINMM.dll
0x00007ff859e70000 - 0x00007ff859e7a000 	C:\Windows\SYSTEM32\VERSION.dll
0x00007ff85cd80000 - 0x00007ff85cdad000 	C:\Windows\SYSTEM32\WINMMBASE.dll
0x00007ff8628b0000 - 0x00007ff8628fa000 	C:\Windows\System32\cfgmgr32.dll
0x00007ff85caf0000 - 0x00007ff85caf9000 	C:\Windows\SYSTEM32\WSOCK32.dll
0x00007ff863370000 - 0x00007ff8633df000 	C:\Windows\System32\WS2_32.dll
0x00007ff8618e0000 - 0x00007ff8618f1000 	C:\Windows\System32\kernel.appcore.dll
0x00007ff852500000 - 0x00007ff852511000 	D:\Program Files\JetBrains\WebStorm 2019.3.1\jbr\bin\verify.dll
0x00007ff8601f0000 - 0x00007ff8603e4000 	C:\Windows\SYSTEM32\DBGHELP.DLL
0x00007ff84ab70000 - 0x00007ff84ab9a000 	C:\Windows\SYSTEM32\dbgcore.DLL
0x00007ff8524d0000 - 0x00007ff8524f9000 	D:\Program Files\JetBrains\WebStorm 2019.3.1\jbr\bin\java.dll
0x00007ff851f90000 - 0x00007ff851fa7000 	D:\Program Files\JetBrains\WebStorm 2019.3.1\jbr\bin\zip.dll
0x00007ff85c520000 - 0x00007ff85c52b000 	D:\Program Files\JetBrains\WebStorm 2019.3.1\jbr\bin\jimage.dll

dbghelp: loaded successfully - version: 4.0.5 - missing functions: none
symbol engine: initialized successfully - sym options: 0x614 - pdb path: .;D:\Program Files\JetBrains\WebStorm 2019.3.1\jbr\bin;C:\Windows\SYSTEM32;C:\Windows\WinSxS\amd64_microsoft.windows.common-controls_6595b64144ccf1df_6.0.18362.1016_none_9e7a36bbe461dae4;D:\Program Files\JetBrains\WebStorm 2019.3.1\jbr\bin\server

VM Arguments:
java_command: org.jetbrains.git4idea.http.GitAskPassApp Username for 'http://39.98.233.166:8686': 
java_class_path (initial): D:/Program Files/JetBrains/WebStorm 2019.3.1/plugins/git4idea/lib/git4idea-rt.jar;D:/Program Files/JetBrains/WebStorm 2019.3.1/lib/xmlrpc-2.0.1.jar;D:/Program Files/JetBrains/WebStorm 2019.3.1/lib/commons-codec-1.13.jar;D:/Program Files/JetBrains/WebStorm 2019.3.1/lib/util.jar
Launcher Type: SUN_STANDARD

[Global flags]
     intx CICompilerCount                          = 4                                         {product} {ergonomic}
     uint ConcGCThreads                            = 3                                         {product} {ergonomic}
     uint G1ConcRefinementThreads                  = 10                                        {product} {ergonomic}
   size_t G1HeapRegionSize                         = 1048576                                   {product} {ergonomic}
    uintx GCDrainStackTargetSize                   = 64                                        {product} {ergonomic}
   size_t InitialHeapSize                          = 268435456                                 {product} {ergonomic}
   size_t MarkStackSize                            = 4194304                                   {product} {ergonomic}
   size_t MaxHeapSize                              = 4271898624                                {product} {ergonomic}
   size_t MinHeapDeltaBytes                        = 1048576                                   {product} {ergonomic}
    uintx NonNMethodCodeHeapSize                   = 5836300                                {pd product} {ergonomic}
    uintx NonProfiledCodeHeapSize                  = 122910970                              {pd product} {ergonomic}
    uintx ProfiledCodeHeapSize                     = 122910970                              {pd product} {ergonomic}
    uintx ReservedCodeCacheSize                    = 251658240                              {pd product} {ergonomic}
     bool SegmentedCodeCache                       = true                                      {product} {ergonomic}
     bool UseCompressedClassPointers               = true                                 {lp64_product} {ergonomic}
     bool UseCompressedOops                        = true                                 {lp64_product} {ergonomic}
     bool UseG1GC                                  = true                                      {product} {ergonomic}
     bool UseLargePagesIndividualAllocation        = false                                  {pd product} {ergonomic}

Logging:
Log output configuration:
 #0: stdout all=warning uptime,level,tags
 #1: stderr all=off uptime,level,tags

Environment Variables:
PATH=D:\Program Files\Git\mingw64\libexec\git-core;D:\Program Files\Git\mingw64\libexec\git-core;D:\Program Files\Git\mingw64\bin;D:\Program Files\Git\usr\bin;C:\Users\wwf12\bin;C:\Windows\system32;C:\Windows;C:\Windows\System32\Wbem;C:\Windows\System32\WindowsPowerShell\v1.0;C:\Windows\System32\OpenSSH;C:\Program Files (x86)\NVIDIA Corporation\PhysX\Common;C:\Program Files\NVIDIA Corporation\NVIDIA NvDLISR;D:\Program Files\nodejs;C:\Program Files\TortoiseGit\bin;D:\Program Files\Git\cmd;C:\Users\wwf12\AppData\Local\Microsoft\WindowsApps;D:\Program Files\nodejs\node_global;D:\Users\wwf12\AppData\Local\Programs\Microsoft VS Code\bin
USERNAME=wwf12
DISPLAY=:0.0
OS=Windows_NT
PROCESSOR_IDENTIFIER=Intel64 Family 6 Model 165 Stepping 2, GenuineIntel



---------------  S Y S T E M  ---------------

OS: Windows 10 , 64 bit Build 18362 (10.0.18362.959)

CPU:total 12 (initial active 12) (6 cores per cpu, 2 threads per core) family 6 model 165 stepping 2, cmov, cx8, fxsr, mmx, sse, sse2, sse3, ssse3, sse4.1, sse4.2, popcnt, avx, avx2, aes, clmul, erms, 3dnowpref, lzcnt, ht, tsc, tscinvbit, bmi1, bmi2, adx, fma

Memory: 4k page, system-wide physical 16291M (1018M free)
TotalPageFile size 29091M (AvailPageFile size 5M)
current process WorkingSet (physical memory assigned to process): 9M, peak: 9M
current process commit charge ("private bytes"): 56M, peak: 57M

vm_info: OpenJDK 64-Bit Server VM (11.0.5+10-b520.17) for windows-amd64 JRE (11.0.5+10-b520.17), built on Dec  2 2019 12:11:34 by "" with MS VC++ 14.0 (VS2015)

END.
